ex14

step 1
SBA:
  p: 0.9689 r: 0.9026   f: 0.9346
SBM:
  p: 0.9892 r: 0.9433   f: 0.9657

step 2
SBC:
  p: 0.6885 r: 0.4828   f: 0.5676

step 3
SBR:
  p: 0.9474 r: 0.7826   f: 0.8571
SBE:
  p: 0.9265 r: 0.9844   f: 0.9545


ex15
# add verb features
step 1
SBA:
  p: 0.9689 r: 0.9026   f: 0.9346
SBM:
  p: 0.9892 r: 0.9433   f: 0.9657
step 2
SBC:
  p: 0.6825 r: 0.4943   f: 0.5733
step 3
SBR:
  p: 0.9474 r: 0.7826   f: 0.8571
SBE:
  p: 0.9265 r: 0.9844   f: 0.9545

# add noun features
step1
SBA:
  p: 0.9689 r: 0.9026   f: 0.9346
SBM:
  p: 0.9892 r: 0.9433   f: 0.9657
step 2
SBC:
  p: 0.6935 r: 0.4943   f: 0.5772
step 3
SBR:
  p: 0.9474 r: 0.7826   f: 0.8571
SBE:
  p: 0.9265 r: 0.9844   f: 0.9545

# SBA, SBM also use new features

SBA:
  p: 0.9689 r: 0.9026   f: 0.9346
SBM:
  p: 0.9892 r: 0.9433   f: 0.9657
SBC:
  p: 0.6462 r: 0.4828   f: 0.5526
SBR:
  p: 0.9474 r: 0.7826   f: 0.8571
SBE:
  p: 0.9265 r: 0.9844   f: 0.9545
  
# use secedge as feature

SBA:
  p: 0.9689 r: 0.9026 f: 0.9346
SBM:
  p: 0.9892 r: 0.9433 f: 0.9657
SBC:
  p: 0.6567 r: 0.5057 f: 0.5714
SBR:
  p: 0.9474 r: 0.7826 f: 0.8571
SBE:
  p: 0.9265 r: 0.9844 f: 0.9545


